<?xml version="1.0" encoding="UTF-8"?>
<testsuite xmlns:xsi="http://www.w3.org/2001/XMLSchema-instance" xsi:noNamespaceSchemaLocation="https://maven.apache.org/surefire/maven-surefire-plugin/xsd/surefire-test-report.xsd" name="com.rutu.yash.PageTest" time="428.738" tests="17" errors="0" skipped="0" failures="1">
  <properties>
[...]
</properties>
  <testcase name="SelectClass" classname="com.rutu.yash.PageTest" time="5.585"/>
  <testcase name="cssSelector" classname="com.rutu.yash.PageTest" time="5.271"/>
  <testcase name="dragAndDrop" classname="com.rutu.yash.PageTest" time="2.587"/>
  <testcase name="dropDownTest" classname="com.rutu.yash.PageTest" time="8.348"/>
  <testcase name="explicitWait" classname="com.rutu.yash.PageTest" time="106.903">
    <failure message="Timed out after 100 seconds waiting for text (&apos;nnnWrong Password, try again&apos;) to be present in element found by By.xpath: .//*[@id=&apos;password&apos;]/div[2]/div[2]&#10;Build info: version: &apos;2.53.1&apos;, revision: &apos;a36b8b1cd5757287168e54b817830adce9b0158d&apos;, time: &apos;2016-06-30 19:26:09&apos;&#10;System info: host: &apos;LAPTOP-TO2ES5BG&apos;, ip: &apos;192.168.71.2&apos;, os.name: &apos;Windows 10&apos;, os.arch: &apos;amd64&apos;, os.version: &apos;10.0&apos;, java.version: &apos;1.8.0_151&apos;&#10;Driver info: org.openqa.selenium.firefox.FirefoxDriver&#10;Capabilities [{applicationCacheEnabled=true, rotatable=false, handlesAlerts=true, databaseEnabled=true, version=47.0.1, platform=WINDOWS, nativeEvents=false, acceptSslCerts=true, webStorageEnabled=true, locationContextEnabled=true, browserName=firefox, takesScreenshot=true, javascriptEnabled=true, cssSelectorsEnabled=true}]&#10;Session ID: ec014d9b-88f6-4b92-bc13-cbb8432317b1" type="org.openqa.selenium.TimeoutException">org.openqa.selenium.TimeoutException: 
Timed out after 100 seconds waiting for text ('nnnWrong Password, try again') to be present in element found by By.xpath: .//*[@id='password']/div[2]/div[2]
Build info: version: '2.53.1', revision: 'a36b8b1cd5757287168e54b817830adce9b0158d', time: '2016-06-30 19:26:09'
System info: host: 'LAPTOP-TO2ES5BG', ip: '192.168.71.2', os.name: 'Windows 10', os.arch: 'amd64', os.version: '10.0', java.version: '1.8.0_151'
Driver info: org.openqa.selenium.firefox.FirefoxDriver
Capabilities [{applicationCacheEnabled=true, rotatable=false, handlesAlerts=true, databaseEnabled=true, version=47.0.1, platform=WINDOWS, nativeEvents=false, acceptSslCerts=true, webStorageEnabled=true, locationContextEnabled=true, browserName=firefox, takesScreenshot=true, javascriptEnabled=true, cssSelectorsEnabled=true}]
Session ID: ec014d9b-88f6-4b92-bc13-cbb8432317b1
	at com.rutu.yash.PageTest.explicitWait(PageTest.java:65)
</failure>
  </testcase>
  <testcase name="frameTest" classname="com.rutu.yash.PageTest" time="1.742"/>
  <testcase name="hoverAction" classname="com.rutu.yash.PageTest" time="2.773"/>
  <testcase name="javaScriptExecutor" classname="com.rutu.yash.PageTest" time="2.954"/>
  <testcase name="keyTest" classname="com.rutu.yash.PageTest" time="6.081"/>
  <testcase name="multipleWindowTest" classname="com.rutu.yash.PageTest" time="16.624"/>
  <testcase name="navigate" classname="com.rutu.yash.PageTest" time="8.745"/>
  <testcase name="openPageinNewWindow" classname="com.rutu.yash.PageTest" time="2.52"/>
  <testcase name="pageLoadTimeOut" classname="com.rutu.yash.PageTest" time="2.039"/>
  <testcase name="popUpTest" classname="com.rutu.yash.PageTest" time="9.895"/>
  <testcase name="radioButton" classname="com.rutu.yash.PageTest" time="5.089"/>
  <testcase name="screenShotTest" classname="com.rutu.yash.PageTest" time="13.892"/>
  <testcase name="windowSizeTest" classname="com.rutu.yash.PageTest" time="3.945"/>
</testsuite>