<?xml version="1.0" encoding="UTF-8"?>
<testng-results skipped="0" failed="1" total="17" passed="16">
  <reporter-output>
  </reporter-output>
  <suite name="Surefire suite" duration-ms="427332" started-at="2018-10-03T23:53:32Z" finished-at="2018-10-04T00:00:39Z">
    <groups>
    </groups>
    <test name="Surefire test" duration-ms="427332" started-at="2018-10-03T23:53:32Z" finished-at="2018-10-04T00:00:39Z">
      <class name="com.rutu.yash.PageTest">
        <test-method status="PASS" signature="beforeMethod()[pri:0, instance:com.rutu.yash.PageTest@2bbaf4f0]" name="beforeMethod" is-config="true" duration-ms="10322" started-at="2018-10-03T19:53:32Z" finished-at="2018-10-03T19:53:42Z">
          <reporter-output>
          </reporter-output>
        </test-method> <!-- beforeMethod -->
        <test-method status="PASS" signature="SelectClass()[pri:0, instance:com.rutu.yash.PageTest@2bbaf4f0]" name="SelectClass" duration-ms="5584" started-at="2018-10-03T19:53:42Z" finished-at="2018-10-03T19:53:48Z">
          <reporter-output>
          </reporter-output>
        </test-method> <!-- SelectClass -->
        <test-method status="PASS" signature="afterMethod()[pri:0, instance:com.rutu.yash.PageTest@2bbaf4f0]" name="afterMethod" is-config="true" duration-ms="5489" started-at="2018-10-03T19:53:48Z" finished-at="2018-10-03T19:53:53Z">
          <reporter-output>
          </reporter-output>
        </test-method> <!-- afterMethod -->
        <test-method status="PASS" signature="beforeMethod()[pri:0, instance:com.rutu.yash.PageTest@2bbaf4f0]" name="beforeMethod" is-config="true" duration-ms="7325" started-at="2018-10-03T19:53:53Z" finished-at="2018-10-03T19:54:00Z">
          <reporter-output>
          </reporter-output>
        </test-method> <!-- beforeMethod -->
        <test-method status="PASS" signature="cssSelector()[pri:0, instance:com.rutu.yash.PageTest@2bbaf4f0]" name="cssSelector" duration-ms="5272" started-at="2018-10-03T19:54:00Z" finished-at="2018-10-03T19:54:06Z">
          <reporter-output>
          </reporter-output>
        </test-method> <!-- cssSelector -->
        <test-method status="PASS" signature="afterMethod()[pri:0, instance:com.rutu.yash.PageTest@2bbaf4f0]" name="afterMethod" is-config="true" duration-ms="6031" started-at="2018-10-03T19:54:06Z" finished-at="2018-10-03T19:54:12Z">
          <reporter-output>
          </reporter-output>
        </test-method> <!-- afterMethod -->
        <test-method status="PASS" signature="beforeMethod()[pri:0, instance:com.rutu.yash.PageTest@2bbaf4f0]" name="beforeMethod" is-config="true" duration-ms="7871" started-at="2018-10-03T19:54:12Z" finished-at="2018-10-03T19:54:20Z">
          <reporter-output>
          </reporter-output>
        </test-method> <!-- beforeMethod -->
        <test-method status="PASS" signature="dragAndDrop()[pri:0, instance:com.rutu.yash.PageTest@2bbaf4f0]" name="dragAndDrop" duration-ms="2587" started-at="2018-10-03T19:54:20Z" finished-at="2018-10-03T19:54:22Z">
          <reporter-output>
          </reporter-output>
        </test-method> <!-- dragAndDrop -->
        <test-method status="PASS" signature="afterMethod()[pri:0, instance:com.rutu.yash.PageTest@2bbaf4f0]" name="afterMethod" is-config="true" duration-ms="3328" started-at="2018-10-03T19:54:22Z" finished-at="2018-10-03T19:54:26Z">
          <reporter-output>
          </reporter-output>
        </test-method> <!-- afterMethod -->
        <test-method status="PASS" signature="beforeMethod()[pri:0, instance:com.rutu.yash.PageTest@2bbaf4f0]" name="beforeMethod" is-config="true" duration-ms="9546" started-at="2018-10-03T19:54:26Z" finished-at="2018-10-03T19:54:35Z">
          <reporter-output>
          </reporter-output>
        </test-method> <!-- beforeMethod -->
        <test-method status="PASS" signature="dropDownTest()[pri:0, instance:com.rutu.yash.PageTest@2bbaf4f0]" name="dropDownTest" duration-ms="8347" started-at="2018-10-03T19:54:35Z" finished-at="2018-10-03T19:54:43Z">
          <reporter-output>
          </reporter-output>
        </test-method> <!-- dropDownTest -->
        <test-method status="PASS" signature="afterMethod()[pri:0, instance:com.rutu.yash.PageTest@2bbaf4f0]" name="afterMethod" is-config="true" duration-ms="4633" started-at="2018-10-03T19:54:43Z" finished-at="2018-10-03T19:54:48Z">
          <reporter-output>
          </reporter-output>
        </test-method> <!-- afterMethod -->
        <test-method status="PASS" signature="beforeMethod()[pri:0, instance:com.rutu.yash.PageTest@2bbaf4f0]" name="beforeMethod" is-config="true" duration-ms="8560" started-at="2018-10-03T19:54:48Z" finished-at="2018-10-03T19:54:57Z">
          <reporter-output>
          </reporter-output>
        </test-method> <!-- beforeMethod -->
        <test-method status="FAIL" signature="explicitWait()[pri:0, instance:com.rutu.yash.PageTest@2bbaf4f0]" name="explicitWait" duration-ms="106889" started-at="2018-10-03T19:54:57Z" finished-at="2018-10-03T19:56:43Z">
          <exception class="org.openqa.selenium.TimeoutException">
            <message>
              <![CDATA[Timed out after 100 seconds waiting for text ('nnnWrong Password, try again') to be present in element found by By.xpath: .//*[@id='password']/div[2]/div[2]
Build info: version: '2.53.1', revision: 'a36b8b1cd5757287168e54b817830adce9b0158d', time: '2016-06-30 19:26:09'
System info: host: 'LAPTOP-TO2ES5BG', ip: '192.168.71.2', os.name: 'Windows 10', os.arch: 'amd64', os.version: '10.0', java.version: '1.8.0_151'
Driver info: org.openqa.selenium.firefox.FirefoxDriver
Capabilities [{applicationCacheEnabled=true, rotatable=false, handlesAlerts=true, databaseEnabled=true, version=47.0.1, platform=WINDOWS, nativeEvents=false, acceptSslCerts=true, webStorageEnabled=true, locationContextEnabled=true, browserName=firefox, takesScreenshot=true, javascriptEnabled=true, cssSelectorsEnabled=true}]
Session ID: ec014d9b-88f6-4b92-bc13-cbb8432317b1]]>
            </message>
            <full-stacktrace>
              <![CDATA[org.openqa.selenium.TimeoutException: Timed out after 100 seconds waiting for text ('nnnWrong Password, try again') to be present in element found by By.xpath: .//*[@id='password']/div[2]/div[2]
Build info: version: '2.53.1', revision: 'a36b8b1cd5757287168e54b817830adce9b0158d', time: '2016-06-30 19:26:09'
System info: host: 'LAPTOP-TO2ES5BG', ip: '192.168.71.2', os.name: 'Windows 10', os.arch: 'amd64', os.version: '10.0', java.version: '1.8.0_151'
Driver info: org.openqa.selenium.firefox.FirefoxDriver
Capabilities [{applicationCacheEnabled=true, rotatable=false, handlesAlerts=true, databaseEnabled=true, version=47.0.1, platform=WINDOWS, nativeEvents=false, acceptSslCerts=true, webStorageEnabled=true, locationContextEnabled=true, browserName=firefox, takesScreenshot=true, javascriptEnabled=true, cssSelectorsEnabled=true}]
Session ID: ec014d9b-88f6-4b92-bc13-cbb8432317b1
	at org.openqa.selenium.support.ui.WebDriverWait.timeoutException(WebDriverWait.java:80)
	at org.openqa.selenium.support.ui.FluentWait.until(FluentWait.java:261)
	at com.rutu.yash.PageTest.explicitWait(PageTest.java:65)
	at sun.reflect.NativeMethodAccessorImpl.invoke0(Native Method)
	at sun.reflect.NativeMethodAccessorImpl.invoke(NativeMethodAccessorImpl.java:62)
	at sun.reflect.DelegatingMethodAccessorImpl.invoke(DelegatingMethodAccessorImpl.java:43)
	at java.lang.reflect.Method.invoke(Method.java:498)
	at org.testng.internal.MethodInvocationHelper.invokeMethod(MethodInvocationHelper.java:80)
	at org.testng.internal.Invoker.invokeMethod(Invoker.java:714)
	at org.testng.internal.Invoker.invokeTestMethod(Invoker.java:901)
	at org.testng.internal.Invoker.invokeTestMethods(Invoker.java:1231)
	at org.testng.internal.TestMethodWorker.invokeTestMethods(TestMethodWorker.java:127)
	at org.testng.internal.TestMethodWorker.run(TestMethodWorker.java:111)
	at org.testng.TestRunner.privateRun(TestRunner.java:767)
	at org.testng.TestRunner.run(TestRunner.java:617)
	at org.testng.SuiteRunner.runTest(SuiteRunner.java:334)
	at org.testng.SuiteRunner.runSequentially(SuiteRunner.java:329)
	at org.testng.SuiteRunner.privateRun(SuiteRunner.java:291)
	at org.testng.SuiteRunner.run(SuiteRunner.java:240)
	at org.testng.SuiteRunnerWorker.runSuite(SuiteRunnerWorker.java:52)
	at org.testng.SuiteRunnerWorker.run(SuiteRunnerWorker.java:86)
	at org.testng.TestNG.runSuitesSequentially(TestNG.java:1198)
	at org.testng.TestNG.runSuitesLocally(TestNG.java:1123)
	at org.testng.TestNG.run(TestNG.java:1031)
	at org.apache.maven.surefire.testng.TestNGExecutor.run(TestNGExecutor.java:135)
	at org.apache.maven.surefire.testng.TestNGDirectoryTestSuite.executeSingleClass(TestNGDirectoryTestSuite.java:112)
	at org.apache.maven.surefire.testng.TestNGDirectoryTestSuite.execute(TestNGDirectoryTestSuite.java:99)
	at org.apache.maven.surefire.testng.TestNGProvider.invoke(TestNGProvider.java:146)
	at org.apache.maven.surefire.booter.ForkedBooter.invokeProviderInSameClassLoader(ForkedBooter.java:373)
	at org.apache.maven.surefire.booter.ForkedBooter.runSuitesInProcess(ForkedBooter.java:334)
	at org.apache.maven.surefire.booter.ForkedBooter.execute(ForkedBooter.java:119)
	at org.apache.maven.surefire.booter.ForkedBooter.main(ForkedBooter.java:407)
]]>
            </full-stacktrace>
          </exception> <!-- org.openqa.selenium.TimeoutException -->
          <reporter-output>
          </reporter-output>
        </test-method> <!-- explicitWait -->
        <test-method status="PASS" signature="afterMethod()[pri:0, instance:com.rutu.yash.PageTest@2bbaf4f0]" name="afterMethod" is-config="true" duration-ms="3671" started-at="2018-10-03T19:56:44Z" finished-at="2018-10-03T19:56:47Z">
          <reporter-output>
          </reporter-output>
        </test-method> <!-- afterMethod -->
        <test-method status="PASS" signature="beforeMethod()[pri:0, instance:com.rutu.yash.PageTest@2bbaf4f0]" name="beforeMethod" is-config="true" duration-ms="7481" started-at="2018-10-03T19:56:47Z" finished-at="2018-10-03T19:56:55Z">
          <reporter-output>
          </reporter-output>
        </test-method> <!-- beforeMethod -->
        <test-method status="PASS" signature="frameTest()[pri:0, instance:com.rutu.yash.PageTest@2bbaf4f0]" name="frameTest" duration-ms="1742" started-at="2018-10-03T19:56:55Z" finished-at="2018-10-03T19:56:56Z">
          <reporter-output>
          </reporter-output>
        </test-method> <!-- frameTest -->
        <test-method status="PASS" signature="afterMethod()[pri:0, instance:com.rutu.yash.PageTest@2bbaf4f0]" name="afterMethod" is-config="true" duration-ms="4422" started-at="2018-10-03T19:56:56Z" finished-at="2018-10-03T19:57:01Z">
          <reporter-output>
          </reporter-output>
        </test-method> <!-- afterMethod -->
        <test-method status="PASS" signature="beforeMethod()[pri:0, instance:com.rutu.yash.PageTest@2bbaf4f0]" name="beforeMethod" is-config="true" duration-ms="9069" started-at="2018-10-03T19:57:01Z" finished-at="2018-10-03T19:57:10Z">
          <reporter-output>
          </reporter-output>
        </test-method> <!-- beforeMethod -->
        <test-method status="PASS" signature="hoverAction()[pri:0, instance:com.rutu.yash.PageTest@2bbaf4f0]" name="hoverAction" duration-ms="2775" started-at="2018-10-03T19:57:10Z" finished-at="2018-10-03T19:57:13Z">
          <reporter-output>
          </reporter-output>
        </test-method> <!-- hoverAction -->
        <test-method status="PASS" signature="afterMethod()[pri:0, instance:com.rutu.yash.PageTest@2bbaf4f0]" name="afterMethod" is-config="true" duration-ms="2992" started-at="2018-10-03T19:57:13Z" finished-at="2018-10-03T19:57:16Z">
          <reporter-output>
          </reporter-output>
        </test-method> <!-- afterMethod -->
        <test-method status="PASS" signature="beforeMethod()[pri:0, instance:com.rutu.yash.PageTest@2bbaf4f0]" name="beforeMethod" is-config="true" duration-ms="9265" started-at="2018-10-03T19:57:16Z" finished-at="2018-10-03T19:57:25Z">
          <reporter-output>
          </reporter-output>
        </test-method> <!-- beforeMethod -->
        <test-method status="PASS" signature="javaScriptExecutor()[pri:0, instance:com.rutu.yash.PageTest@2bbaf4f0]" name="javaScriptExecutor" duration-ms="2957" started-at="2018-10-03T19:57:25Z" finished-at="2018-10-03T19:57:28Z">
          <reporter-output>
          </reporter-output>
        </test-method> <!-- javaScriptExecutor -->
        <test-method status="PASS" signature="afterMethod()[pri:0, instance:com.rutu.yash.PageTest@2bbaf4f0]" name="afterMethod" is-config="true" duration-ms="4279" started-at="2018-10-03T19:57:28Z" finished-at="2018-10-03T19:57:32Z">
          <reporter-output>
          </reporter-output>
        </test-method> <!-- afterMethod -->
        <test-method status="PASS" signature="beforeMethod()[pri:0, instance:com.rutu.yash.PageTest@2bbaf4f0]" name="beforeMethod" is-config="true" duration-ms="8846" started-at="2018-10-03T19:57:32Z" finished-at="2018-10-03T19:57:41Z">
          <reporter-output>
          </reporter-output>
        </test-method> <!-- beforeMethod -->
        <test-method status="PASS" signature="keyTest()[pri:0, instance:com.rutu.yash.PageTest@2bbaf4f0]" name="keyTest" duration-ms="6082" started-at="2018-10-03T19:57:41Z" finished-at="2018-10-03T19:57:47Z">
          <reporter-output>
          </reporter-output>
        </test-method> <!-- keyTest -->
        <test-method status="PASS" signature="afterMethod()[pri:0, instance:com.rutu.yash.PageTest@2bbaf4f0]" name="afterMethod" is-config="true" duration-ms="5651" started-at="2018-10-03T19:57:47Z" finished-at="2018-10-03T19:57:53Z">
          <reporter-output>
          </reporter-output>
        </test-method> <!-- afterMethod -->
        <test-method status="PASS" signature="beforeMethod()[pri:0, instance:com.rutu.yash.PageTest@2bbaf4f0]" name="beforeMethod" is-config="true" duration-ms="7780" started-at="2018-10-03T19:57:53Z" finished-at="2018-10-03T19:58:01Z">
          <reporter-output>
          </reporter-output>
        </test-method> <!-- beforeMethod -->
        <test-method status="PASS" signature="multipleWindowTest()[pri:0, instance:com.rutu.yash.PageTest@2bbaf4f0]" name="multipleWindowTest" duration-ms="16624" started-at="2018-10-03T19:58:01Z" finished-at="2018-10-03T19:58:17Z">
          <reporter-output>
          </reporter-output>
        </test-method> <!-- multipleWindowTest -->
        <test-method status="PASS" signature="afterMethod()[pri:0, instance:com.rutu.yash.PageTest@2bbaf4f0]" name="afterMethod" is-config="true" duration-ms="2625" started-at="2018-10-03T19:58:17Z" finished-at="2018-10-03T19:58:20Z">
          <reporter-output>
          </reporter-output>
        </test-method> <!-- afterMethod -->
        <test-method status="PASS" signature="beforeMethod()[pri:0, instance:com.rutu.yash.PageTest@2bbaf4f0]" name="beforeMethod" is-config="true" duration-ms="9374" started-at="2018-10-03T19:58:20Z" finished-at="2018-10-03T19:58:29Z">
          <reporter-output>
          </reporter-output>
        </test-method> <!-- beforeMethod -->
        <test-method status="PASS" signature="navigate()[pri:0, instance:com.rutu.yash.PageTest@2bbaf4f0]" name="navigate" duration-ms="8745" started-at="2018-10-03T19:58:29Z" finished-at="2018-10-03T19:58:38Z">
          <reporter-output>
          </reporter-output>
        </test-method> <!-- navigate -->
        <test-method status="PASS" signature="afterMethod()[pri:0, instance:com.rutu.yash.PageTest@2bbaf4f0]" name="afterMethod" is-config="true" duration-ms="4861" started-at="2018-10-03T19:58:38Z" finished-at="2018-10-03T19:58:43Z">
          <reporter-output>
          </reporter-output>
        </test-method> <!-- afterMethod -->
        <test-method status="PASS" signature="beforeMethod()[pri:0, instance:com.rutu.yash.PageTest@2bbaf4f0]" name="beforeMethod" is-config="true" duration-ms="7726" started-at="2018-10-03T19:58:43Z" finished-at="2018-10-03T19:58:51Z">
          <reporter-output>
          </reporter-output>
        </test-method> <!-- beforeMethod -->
        <test-method status="PASS" signature="openPageinNewWindow()[pri:0, instance:com.rutu.yash.PageTest@2bbaf4f0]" name="openPageinNewWindow" duration-ms="2521" started-at="2018-10-03T19:58:51Z" finished-at="2018-10-03T19:58:53Z">
          <reporter-output>
          </reporter-output>
        </test-method> <!-- openPageinNewWindow -->
        <test-method status="PASS" signature="afterMethod()[pri:0, instance:com.rutu.yash.PageTest@2bbaf4f0]" name="afterMethod" is-config="true" duration-ms="5066" started-at="2018-10-03T19:58:53Z" finished-at="2018-10-03T19:58:58Z">
          <reporter-output>
          </reporter-output>
        </test-method> <!-- afterMethod -->
        <test-method status="PASS" signature="beforeMethod()[pri:0, instance:com.rutu.yash.PageTest@2bbaf4f0]" name="beforeMethod" is-config="true" duration-ms="7164" started-at="2018-10-03T19:58:58Z" finished-at="2018-10-03T19:59:05Z">
          <reporter-output>
          </reporter-output>
        </test-method> <!-- beforeMethod -->
        <test-method status="PASS" signature="pageLoadTimeOut()[pri:0, instance:com.rutu.yash.PageTest@2bbaf4f0]" name="pageLoadTimeOut" duration-ms="2043" started-at="2018-10-03T19:59:05Z" finished-at="2018-10-03T19:59:07Z">
          <reporter-output>
          </reporter-output>
        </test-method> <!-- pageLoadTimeOut -->
        <test-method status="PASS" signature="afterMethod()[pri:0, instance:com.rutu.yash.PageTest@2bbaf4f0]" name="afterMethod" is-config="true" duration-ms="6137" started-at="2018-10-03T19:59:07Z" finished-at="2018-10-03T19:59:14Z">
          <reporter-output>
          </reporter-output>
        </test-method> <!-- afterMethod -->
        <test-method status="PASS" signature="beforeMethod()[pri:0, instance:com.rutu.yash.PageTest@2bbaf4f0]" name="beforeMethod" is-config="true" duration-ms="8453" started-at="2018-10-03T19:59:14Z" finished-at="2018-10-03T19:59:22Z">
          <reporter-output>
          </reporter-output>
        </test-method> <!-- beforeMethod -->
        <test-method status="PASS" signature="popUpTest()[pri:0, instance:com.rutu.yash.PageTest@2bbaf4f0]" name="popUpTest" duration-ms="9893" started-at="2018-10-03T19:59:22Z" finished-at="2018-10-03T19:59:32Z">
          <reporter-output>
          </reporter-output>
        </test-method> <!-- popUpTest -->
        <test-method status="PASS" signature="afterMethod()[pri:0, instance:com.rutu.yash.PageTest@2bbaf4f0]" name="afterMethod" is-config="true" duration-ms="3765" started-at="2018-10-03T19:59:32Z" finished-at="2018-10-03T19:59:36Z">
          <reporter-output>
          </reporter-output>
        </test-method> <!-- afterMethod -->
        <test-method status="PASS" signature="beforeMethod()[pri:0, instance:com.rutu.yash.PageTest@2bbaf4f0]" name="beforeMethod" is-config="true" duration-ms="8272" started-at="2018-10-03T19:59:36Z" finished-at="2018-10-03T19:59:44Z">
          <reporter-output>
          </reporter-output>
        </test-method> <!-- beforeMethod -->
        <test-method status="PASS" signature="radioButton()[pri:0, instance:com.rutu.yash.PageTest@2bbaf4f0]" name="radioButton" duration-ms="5089" started-at="2018-10-03T19:59:44Z" finished-at="2018-10-03T19:59:49Z">
          <reporter-output>
          </reporter-output>
        </test-method> <!-- radioButton -->
        <test-method status="PASS" signature="afterMethod()[pri:0, instance:com.rutu.yash.PageTest@2bbaf4f0]" name="afterMethod" is-config="true" duration-ms="7196" started-at="2018-10-03T19:59:49Z" finished-at="2018-10-03T19:59:56Z">
          <reporter-output>
          </reporter-output>
        </test-method> <!-- afterMethod -->
        <test-method status="PASS" signature="beforeMethod()[pri:0, instance:com.rutu.yash.PageTest@2bbaf4f0]" name="beforeMethod" is-config="true" duration-ms="8255" started-at="2018-10-03T19:59:56Z" finished-at="2018-10-03T20:00:05Z">
          <reporter-output>
          </reporter-output>
        </test-method> <!-- beforeMethod -->
        <test-method status="PASS" signature="screenShotTest()[pri:0, instance:com.rutu.yash.PageTest@2bbaf4f0]" name="screenShotTest" duration-ms="13893" started-at="2018-10-03T20:00:05Z" finished-at="2018-10-03T20:00:18Z">
          <reporter-output>
          </reporter-output>
        </test-method> <!-- screenShotTest -->
        <test-method status="PASS" signature="afterMethod()[pri:0, instance:com.rutu.yash.PageTest@2bbaf4f0]" name="afterMethod" is-config="true" duration-ms="2713" started-at="2018-10-03T20:00:18Z" finished-at="2018-10-03T20:00:21Z">
          <reporter-output>
          </reporter-output>
        </test-method> <!-- afterMethod -->
        <test-method status="PASS" signature="beforeMethod()[pri:0, instance:com.rutu.yash.PageTest@2bbaf4f0]" name="beforeMethod" is-config="true" duration-ms="10476" started-at="2018-10-03T20:00:21Z" finished-at="2018-10-03T20:00:32Z">
          <reporter-output>
          </reporter-output>
        </test-method> <!-- beforeMethod -->
        <test-method status="PASS" signature="windowSizeTest()[pri:0, instance:com.rutu.yash.PageTest@2bbaf4f0]" name="windowSizeTest" duration-ms="3945" started-at="2018-10-03T20:00:32Z" finished-at="2018-10-03T20:00:36Z">
          <reporter-output>
          </reporter-output>
        </test-method> <!-- windowSizeTest -->
        <test-method status="PASS" signature="afterMethod()[pri:0, instance:com.rutu.yash.PageTest@2bbaf4f0]" name="afterMethod" is-config="true" duration-ms="3329" started-at="2018-10-03T20:00:36Z" finished-at="2018-10-03T20:00:39Z">
          <reporter-output>
          </reporter-output>
        </test-method> <!-- afterMethod -->
      </class> <!-- com.rutu.yash.PageTest -->
    </test> <!-- Surefire test -->
  </suite> <!-- Surefire suite -->
</testng-results>
